#
# A fatal error has been detected by the Java Runtime Environment:
#
#  Internal Error (javaClasses.cpp:136), pid=8272, tid=8972
#  fatal error: Invalid layout of preloaded class
#
# JRE version:  (7.0_40-b43) (build )
# Java VM: Java HotSpot(TM) Client VM (24.0-b56 mixed mode windows-x86 )
# Failed to write core dump. Minidumps are not enabled by default on client versions of Windows
#
# If you would like to submit a bug report, please visit:
#   http://bugreport.sun.com/bugreport/crash.jsp
#

---------------  T H R E A D  ---------------

Current thread (0x00dac000):  JavaThread "Unknown thread" [_thread_in_vm, id=8972, stack(0x00e40000,0x00e90000)]

Stack: [0x00e40000,0x00e90000],  sp=0x00e8f558,  free space=317k
Native frames: (J=compiled Java code, j=interpreted, Vv=VM code, C=native code)
V  [jvm.dll+0x18db91]
V  [jvm.dll+0x187936]
V  [jvm.dll+0x3582a]
V  [jvm.dll+0x358b6]
V  [jvm.dll+0x43fdd]
V  [jvm.dll+0x4428e]
V  [jvm.dll+0x923fa]
V  [jvm.dll+0x927ab]
V  [jvm.dll+0x13d761]
V  [jvm.dll+0x16023c]
V  [jvm.dll+0xc8c5f]
C  [javaw.exe+0x13ce]
C  [javaw.exe+0x1e40]
C  [javaw.exe+0xa5b1]
C  [javaw.exe+0xa63b]
C  [kernel32.dll+0x1338a]
C  [ntdll.dll+0x39f72]
C  [ntdll.dll+0x39f45]


---------------  P R O C E S S  ---------------

Java Threads: ( => current thread )

Other Threads:

=>0x00dac000 (exited) JavaThread "Unknown thread" [_thread_in_vm, id=8972, stack(0x00e40000,0x00e90000)]

VM state:not at safepoint (not fully initialized)

VM Mutex/Monitor currently owned by a thread: None

GC Heap History (0 events):
No events

Deoptimization events (0 events):
No events

Internal exceptions (0 events):
No events

Events (10 events):
Event: 0.017 loading class 0x00be91f0 done
Event: 0.018 loading class 0x00be8c80 done
Event: 0.018 loading class 0x00be8c60
Event: 0.018 loading class 0x00beff88
Event: 0.018 loading class 0x00beff88 done
Event: 0.018 loading class 0x00beffb8
Event: 0.018 loading class 0x00beffb8 done
Event: 0.018 loading class 0x00beffe8
Event: 0.018 loading class 0x00beffe8 done
Event: 0.019 loading class 0x00be8c60 done


Dynamic libraries:
0x01300000 - 0x0132f000 	C:\Program Files (x86)\Java\jre7\bin\javaw.exe
0x772f0000 - 0x77470000 	C:\Windows\SysWOW64\ntdll.dll
0x74d90000 - 0x74ea0000 	C:\Windows\syswow64\kernel32.dll
0x762b0000 - 0x762f7000 	C:\Windows\syswow64\KERNELBASE.dll
0x76e50000 - 0x76ef0000 	C:\Windows\syswow64\ADVAPI32.dll
0x76540000 - 0x765ec000 	C:\Windows\syswow64\msvcrt.dll
0x76e00000 - 0x76e19000 	C:\Windows\SysWOW64\sechost.dll
0x766b0000 - 0x767a0000 	C:\Windows\syswow64\RPCRT4.dll
0x74d20000 - 0x74d80000 	C:\Windows\syswow64\SspiCli.dll
0x74d10000 - 0x74d1c000 	C:\Windows\syswow64\CRYPTBASE.dll
0x76310000 - 0x76410000 	C:\Windows\syswow64\USER32.dll
0x75bd0000 - 0x75c60000 	C:\Windows\syswow64\GDI32.dll
0x765f0000 - 0x765fa000 	C:\Windows\syswow64\LPK.dll
0x767a0000 - 0x7683d000 	C:\Windows\syswow64\USP10.dll
0x72ca0000 - 0x72e3e000 	C:\Windows\WinSxS\x86_microsoft.windows.common-controls_6595b64144ccf1df_6.0.7601.17514_none_41e6975e2bd6f2b2\COMCTL32.dll
0x74ed0000 - 0x74f27000 	C:\Windows\syswow64\SHLWAPI.dll
0x75c60000 - 0x75cc0000 	C:\Windows\system32\IMM32.DLL
0x75ef0000 - 0x75fbc000 	C:\Windows\syswow64\MSCTF.dll
0x6f5f0000 - 0x6f6ae000 	C:\Program Files (x86)\Java\jre7\bin\msvcr100.dll
0x68e30000 - 0x691b0000 	C:\Program Files (x86)\Java\jre7\bin\client\jvm.dll
0x60ff0000 - 0x60ff7000 	C:\Windows\system32\WSOCK32.dll
0x76270000 - 0x762a5000 	C:\Windows\syswow64\WS2_32.dll
0x760e0000 - 0x760e6000 	C:\Windows\syswow64\NSI.dll
0x73fe0000 - 0x74012000 	C:\Windows\system32\WINMM.dll
0x766a0000 - 0x766a5000 	C:\Windows\syswow64\PSAPI.DLL
0x73fc0000 - 0x73fcc000 	C:\Program Files (x86)\Java\jre7\bin\verify.dll
0x73fa0000 - 0x73fc0000 	C:\Program Files (x86)\Java\jre7\bin\java.dll
0x73f80000 - 0x73f93000 	C:\Program Files (x86)\Java\jre7\bin\zip.dll
0x72790000 - 0x7287b000 	C:\Windows\system32\dbghelp.dll

VM Arguments:
jvm_args: -Dfile.encoding=Cp1252 -Xbootclasspath:C:\Users\Admin2\Desktop\sdk\platforms\android-17\android.jar 
java_command: com.example.dots.database
Launcher Type: SUN_STANDARD

Environment Variables:
PATH=C:/Program Files (x86)/Java/jre7/bin/client;C:/Program Files (x86)/Java/jre7/bin;C:/Program Files (x86)/Java/jre7/lib/i386;C:\Program Files\Common Files\Microsoft Shared\Windows Live;C:\Program Files (x86)\Common Files\Microsoft Shared\Windows Live;C:\Windows\system32;C:\Windows;C:\Windows\System32\Wbem;C:\Windows\System32\WindowsPowerShell\v1.0\;C:\Program Files\WIDCOMM\Bluetooth Software\;C:\Program Files\WIDCOMM\Bluetooth Software\syswow64;c:\Program Files (x86)\ATI Technologies\ATI.ACE\Core-Static;C:\Program Files\Intel\WiFi\bin\;C:\Program Files\Common Files\Intel\WirelessCommon\;C:\Program Files (x86)\Sony\VAIO Startup Setting Tool;C:\Program Files (x86)\Windows Live\Shared;C:\Program Files\Microsoft\Web Platform Installer\;C:\Program Files (x86)\Microsoft ASP.NET\ASP.NET Web Pages\v1.0\;C:\Program Files\Microsoft SQL Server\110\Tools\Binn\;c:\Program Files (x86)\Microsoft SQL Server\100\Tools\Binn\;c:\Program Files\Microsoft SQL Server\100\Tools\Binn\;c:\Program Files\Microsoft SQL Server\100\DTS\Binn\;C:\Users\Admin2\Desktop\eclipse;
USERNAME=Admin2
OS=Windows_NT
PROCESSOR_IDENTIFIER=Intel64 Family 6 Model 42 Stepping 7, GenuineIntel



---------------  S Y S T E M  ---------------

OS: Windows 7 , 64 bit Build 7601 Service Pack 1

CPU:total 4 (2 cores per cpu, 2 threads per core) family 6 model 42 stepping 7, cmov, cx8, fxsr, mmx, sse, sse2, sse3, ssse3, sse4.1, sse4.2, popcnt, avx, ht, tsc, tscinvbit

Memory: 4k page, physical 4175136k(1351812k free), swap 8348408k(4574468k free)

vm_info: Java HotSpot(TM) Client VM (24.0-b56) for windows-x86 JRE (1.7.0_40-b43), built on Aug 26 2013 22:34:40 by "java_re" with unknown MS VC++:1600

time: Fri May 02 10:40:26 2014
elapsed time: 0 seconds

